{"C:\\Users\\Hp\\Desktop\\camera-app-main 1\\camera-app-main\\components\\utils\\cameraSettings.tsx": {"path":"C:\\Users\\Hp\\Desktop\\camera-app-main 1\\camera-app-main\\components\\utils\\cameraSettings.tsx","statementMap":{"0":{"start":{"line":1,"column":32},"end":{"line":4,"column":1}},"1":{"start":{"line":2,"column":18},"end":{"line":2,"column":59}},"2":{"start":{"line":3,"column":2},"end":{"line":3,"column":19}},"3":{"start":{"line":6,"column":27},"end":{"line":9,"column":1}},"4":{"start":{"line":7,"column":23},"end":{"line":7,"column":60}},"5":{"start":{"line":8,"column":2},"end":{"line":8,"column":25}}},"fnMap":{"0":{"name":"(anonymous_0)","decl":{"start":{"line":1,"column":32},"end":{"line":1,"column":33}},"loc":{"start":{"line":1,"column":116},"end":{"line":4,"column":1}},"line":1},"1":{"name":"(anonymous_1)","decl":{"start":{"line":6,"column":27},"end":{"line":6,"column":28}},"loc":{"start":{"line":6,"column":105},"end":{"line":9,"column":1}},"line":6}},"branchMap":{"0":{"loc":{"start":{"line":2,"column":18},"end":{"line":2,"column":59}},"type":"cond-expr","locations":[{"start":{"line":2,"column":43},"end":{"line":2,"column":50}},{"start":{"line":2,"column":53},"end":{"line":2,"column":59}}],"line":2},"1":{"loc":{"start":{"line":7,"column":23},"end":{"line":7,"column":60}},"type":"cond-expr","locations":[{"start":{"line":7,"column":48},"end":{"line":7,"column":52}},{"start":{"line":7,"column":55},"end":{"line":7,"column":60}}],"line":7}},"s":{"0":2,"1":2,"2":2,"3":2,"4":2,"5":2},"f":{"0":2,"1":2},"b":{"0":[1,1],"1":[1,1]},"_coverageSchema":"1a1c01bbd47fc00a2c39e90264f33305004495a9","hash":"8882f7ab0bab0771b9d249ce0fb8accaeeaaa2cb"}
,"C:\\Users\\Hp\\Desktop\\camera-app-main 1\\camera-app-main\\components\\utils\\cameraUtils.js": {"path":"C:\\Users\\Hp\\Desktop\\camera-app-main 1\\camera-app-main\\components\\utils\\cameraUtils.js","statementMap":{"0":{"start":{"line":5,"column":27},"end":{"line":40,"column":1}},"1":{"start":{"line":6,"column":2},"end":{"line":8,"column":3}},"2":{"start":{"line":7,"column":4},"end":{"line":7,"column":58}},"3":{"start":{"line":11,"column":16},"end":{"line":14,"column":4}},"4":{"start":{"line":16,"column":17},"end":{"line":16,"column":26}},"5":{"start":{"line":19,"column":2},"end":{"line":35,"column":3}},"6":{"start":{"line":20,"column":24},"end":{"line":20,"column":73}},"7":{"start":{"line":21,"column":25},"end":{"line":21,"column":75}},"8":{"start":{"line":23,"column":4},"end":{"line":34,"column":5}},"9":{"start":{"line":24,"column":27},"end":{"line":29,"column":8}},"10":{"start":{"line":31,"column":6},"end":{"line":31,"column":30}},"11":{"start":{"line":33,"column":6},"end":{"line":33,"column":50}},"12":{"start":{"line":38,"column":2},"end":{"line":38,"column":50}},"13":{"start":{"line":39,"column":2},"end":{"line":39,"column":18}}},"fnMap":{"0":{"name":"(anonymous_0)","decl":{"start":{"line":5,"column":27},"end":{"line":5,"column":28}},"loc":{"start":{"line":5,"column":63},"end":{"line":40,"column":1}},"line":5}},"branchMap":{"0":{"loc":{"start":{"line":6,"column":2},"end":{"line":8,"column":3}},"type":"if","locations":[{"start":{"line":6,"column":2},"end":{"line":8,"column":3}},{"start":{},"end":{}}],"line":6},"1":{"loc":{"start":{"line":19,"column":2},"end":{"line":35,"column":3}},"type":"if","locations":[{"start":{"line":19,"column":2},"end":{"line":35,"column":3}},{"start":{},"end":{}}],"line":19}},"s":{"0":1,"1":2,"2":0,"3":2,"4":2,"5":2,"6":1,"7":1,"8":1,"9":1,"10":0,"11":1,"12":2,"13":2},"f":{"0":2},"b":{"0":[0,2],"1":[1,1]},"_coverageSchema":"1a1c01bbd47fc00a2c39e90264f33305004495a9","hash":"74365dd7d0d34b3f7c66ac28de93a25f3bf1890a"}
,"C:\\Users\\Hp\\Desktop\\camera-app-main 1\\camera-app-main\\components\\utils\\galleryUtils.js": {"path":"C:\\Users\\Hp\\Desktop\\camera-app-main 1\\camera-app-main\\components\\utils\\galleryUtils.js","statementMap":{"0":{"start":{"line":3,"column":27},"end":{"line":18,"column":1}},"1":{"start":{"line":4,"column":27},"end":{"line":4,"column":82}},"2":{"start":{"line":5,"column":2},"end":{"line":7,"column":3}},"3":{"start":{"line":6,"column":4},"end":{"line":6,"column":71}},"4":{"start":{"line":9,"column":17},"end":{"line":12,"column":4}},"5":{"start":{"line":14,"column":2},"end":{"line":16,"column":3}},"6":{"start":{"line":15,"column":4},"end":{"line":15,"column":16}},"7":{"start":{"line":17,"column":2},"end":{"line":17,"column":30}}},"fnMap":{"0":{"name":"(anonymous_0)","decl":{"start":{"line":3,"column":27},"end":{"line":3,"column":28}},"loc":{"start":{"line":3,"column":39},"end":{"line":18,"column":1}},"line":3}},"branchMap":{"0":{"loc":{"start":{"line":5,"column":2},"end":{"line":7,"column":3}},"type":"if","locations":[{"start":{"line":5,"column":2},"end":{"line":7,"column":3}},{"start":{},"end":{}}],"line":5},"1":{"loc":{"start":{"line":14,"column":2},"end":{"line":16,"column":3}},"type":"if","locations":[{"start":{"line":14,"column":2},"end":{"line":16,"column":3}},{"start":{},"end":{}}],"line":14}},"s":{"0":1,"1":3,"2":3,"3":1,"4":2,"5":2,"6":1,"7":1},"f":{"0":3},"b":{"0":[1,2],"1":[1,1]},"_coverageSchema":"1a1c01bbd47fc00a2c39e90264f33305004495a9","hash":"245de726531b30cd040454d823b6389200df943b"}
}
