TN:
SF:components\utils\cameraSettings.tsx
FN:1,(anonymous_0)
FN:6,(anonymous_1)
FNF:2
FNH:2
FNDA:2,(anonymous_0)
FNDA:2,(anonymous_1)
DA:1,2
DA:2,2
DA:3,2
DA:6,2
DA:7,2
DA:8,2
LF:6
LH:6
BRDA:2,0,0,1
BRDA:2,0,1,1
BRDA:7,1,0,1
BRDA:7,1,1,1
BRF:4
BRH:4
end_of_record
TN:
SF:components\utils\cameraUtils.js
FN:5,(anonymous_0)
FNF:1
FNH:1
FNDA:2,(anonymous_0)
DA:5,1
DA:6,2
DA:7,0
DA:11,2
DA:16,2
DA:19,2
DA:20,1
DA:21,1
DA:23,1
DA:24,1
DA:31,0
DA:33,1
DA:38,2
DA:39,2
LF:14
LH:12
BRDA:6,0,0,0
BRDA:6,0,1,2
BRDA:19,1,0,1
BRDA:19,1,1,1
BRF:4
BRH:3
end_of_record
TN:
SF:components\utils\galleryUtils.js
FN:3,(anonymous_0)
FNF:1
FNH:1
FNDA:3,(anonymous_0)
DA:3,1
DA:4,3
DA:5,3
DA:6,1
DA:9,2
DA:14,2
DA:15,1
DA:17,1
LF:8
LH:8
BRDA:5,0,0,1
BRDA:5,0,1,2
BRDA:14,1,0,1
BRDA:14,1,1,1
BRF:4
BRH:4
end_of_record
